{"type":"server-started","port":56369,"host":"127.0.0.1","url_host":"localhost","url":"http://localhost:56369/?key=95a91c0a2d5fafb5282cb1c627004e7a0e78cc581de0489e4a742752c24f38a8","screen_dir":"/home/ohdaveed/HHVC_manager_review_current_tool_package/.superpowers/brainstorm/4064-1782954057/content","state_dir":"/home/ohdaveed/HHVC_manager_review_current_tool_package/.superpowers/brainstorm/4064-1782954057/state","idle_timeout_ms":14400000}
{"type":"screen-added","file":"/home/ohdaveed/HHVC_manager_review_current_tool_package/.superpowers/brainstorm/4064-1782954057/content/visual-style.html"}
{"type":"screen-added","file":"/home/ohdaveed/HHVC_manager_review_current_tool_package/.superpowers/brainstorm/4064-1782954057/content/json-tree.html"}
{"type":"screen-added","file":"/home/ohdaveed/HHVC_manager_review_current_tool_package/.superpowers/brainstorm/4064-1782954057/content/waiting.html"}
{"type":"screen-added","file":"/home/ohdaveed/HHVC_manager_review_current_tool_package/.superpowers/brainstorm/4064-1782954057/content/cytoscape-demo.html"}
{"type":"screen-updated","file":"/home/ohdaveed/HHVC_manager_review_current_tool_package/.superpowers/brainstorm/4064-1782954057/content/cytoscape-demo.html"}
{"type":"screen-added","file":"/home/ohdaveed/HHVC_manager_review_current_tool_package/.superpowers/brainstorm/4064-1782954057/content/cytoscape-full.html"}
{"type":"screen-added","file":"/home/ohdaveed/HHVC_manager_review_current_tool_package/.superpowers/brainstorm/4064-1782954057/content/hub-page-whatif.html"}
{"type":"screen-added","file":"/home/ohdaveed/HHVC_manager_review_current_tool_package/.superpowers/brainstorm/4064-1782954057/content/hub-page-v2.html"}
{"type":"screen-added","file":"/home/ohdaveed/HHVC_manager_review_current_tool_package/.superpowers/brainstorm/4064-1782954057/content/resource-collection.html"}
{"type":"screen-added","file":"/home/ohdaveed/HHVC_manager_review_current_tool_package/.superpowers/brainstorm/4064-1782954057/content/resource-collection-files.html"}
{"type":"screen-added","file":"/home/ohdaveed/HHVC_manager_review_current_tool_package/.superpowers/brainstorm/4064-1782954057/content/broad-topics.html"}
{"type":"screen-added","file":"/home/ohdaveed/HHVC_manager_review_current_tool_package/.superpowers/brainstorm/4064-1782954057/content/resource-collection-real.html"}
{"type":"screen-added","file":"/home/ohdaveed/HHVC_manager_review_current_tool_package/.superpowers/brainstorm/4064-1782954057/content/full-graph-with-docs.html"}
{"type":"screen-added","file":"/home/ohdaveed/HHVC_manager_review_current_tool_package/.superpowers/brainstorm/4064-1782954057/content/records-hub.html"}
{"type":"screen-updated","file":"/home/ohdaveed/HHVC_manager_review_current_tool_package/.superpowers/brainstorm/4064-1782954057/content/records-hub.html"}
{"type":"screen-updated","file":"/home/ohdaveed/HHVC_manager_review_current_tool_package/.superpowers/brainstorm/4064-1782954057/content/records-hub.html"}
{"type":"screen-updated","file":"/home/ohdaveed/HHVC_manager_review_current_tool_package/.superpowers/brainstorm/4064-1782954057/content/records-hub.html"}
{"type":"screen-added","file":"/home/ohdaveed/HHVC_manager_review_current_tool_package/.superpowers/brainstorm/4064-1782954057/content/article11.html"}
{"type":"screen-updated","file":"/home/ohdaveed/HHVC_manager_review_current_tool_package/.superpowers/brainstorm/4064-1782954057/content/records-hub.html"}
{"type":"screen-updated","file":"/home/ohdaveed/HHVC_manager_review_current_tool_package/.superpowers/brainstorm/4064-1782954057/content/records-hub.html"}
{"type":"screen-updated","file":"/home/ohdaveed/HHVC_manager_review_current_tool_package/.superpowers/brainstorm/4064-1782954057/content/records-hub.html"}
{"type":"screen-added","file":"/home/ohdaveed/HHVC_manager_review_current_tool_package/.superpowers/brainstorm/4064-1782954057/content/hotel-callouts.html"}
{"type":"screen-added","file":"/home/ohdaveed/HHVC_manager_review_current_tool_package/.superpowers/brainstorm/4064-1782954057/content/current-sitemap.html"}
{"type":"screen-updated","file":"/home/ohdaveed/HHVC_manager_review_current_tool_package/.superpowers/brainstorm/4064-1782954057/content/hotel-callouts.html"}
{"type":"screen-updated","file":"/home/ohdaveed/HHVC_manager_review_current_tool_package/.superpowers/brainstorm/4064-1782954057/content/hotel-callouts.html"}
{"type":"screen-updated","file":"/home/ohdaveed/HHVC_manager_review_current_tool_package/.superpowers/brainstorm/4064-1782954057/content/current-sitemap.html"}
{"type":"screen-updated","file":"/home/ohdaveed/HHVC_manager_review_current_tool_package/.superpowers/brainstorm/4064-1782954057/content/current-sitemap.html"}
{"type":"screen-updated","file":"/home/ohdaveed/HHVC_manager_review_current_tool_package/.superpowers/brainstorm/4064-1782954057/content/current-sitemap.html"}
{"type":"screen-updated","file":"/home/ohdaveed/HHVC_manager_review_current_tool_package/.superpowers/brainstorm/4064-1782954057/content/current-sitemap.html"}
{"type":"screen-updated","file":"/home/ohdaveed/HHVC_manager_review_current_tool_package/.superpowers/brainstorm/4064-1782954057/content/records-hub.html"}
{"type":"screen-added","file":"/home/ohdaveed/HHVC_manager_review_current_tool_package/.superpowers/brainstorm/4064-1782954057/content/audience-hubs.html"}
{"type":"screen-updated","file":"/home/ohdaveed/HHVC_manager_review_current_tool_package/.superpowers/brainstorm/4064-1782954057/content/current-sitemap.html"}
{"type":"screen-updated","file":"/home/ohdaveed/HHVC_manager_review_current_tool_package/.superpowers/brainstorm/4064-1782954057/content/current-sitemap.html"}
{"type":"screen-updated","file":"/home/ohdaveed/HHVC_manager_review_current_tool_package/.superpowers/brainstorm/4064-1782954057/content/current-sitemap.html"}
{"type":"screen-updated","file":"/home/ohdaveed/HHVC_manager_review_current_tool_package/.superpowers/brainstorm/4064-1782954057/content/current-sitemap.html"}
{"type":"screen-updated","file":"/home/ohdaveed/HHVC_manager_review_current_tool_package/.superpowers/brainstorm/4064-1782954057/content/current-sitemap.html"}
{"type":"screen-added","file":"/home/ohdaveed/HHVC_manager_review_current_tool_package/.superpowers/brainstorm/4064-1782954057/content/edit-connections.html"}
{"type":"server-stopped","reason":"owner process exited"}
